<?xml version="1.0" encoding="UTF-8"?>
<!-- Generated by org.testng.reporters.JUnitReportReporter -->
<testsuite skipped="0" hostname="EG5CG7515QBP" name="PHPTravels.Selenium_PHPTRAVEL_REGISTER.Registration" tests="1" failures="0" timestamp="2020-05-22T00:01:23 EET" time="12.234" errors="0">
  <testcase name="TextRegister" time="12.234" classname="PHPTravels.Selenium_PHPTRAVEL_REGISTER.Registration"/>
  <system-out/>
</testsuite> <!-- PHPTravels.Selenium_PHPTRAVEL_REGISTER.Registration -->
