<?xml version="1.0" encoding="UTF-8"?>
<!-- Generated by org.testng.reporters.JUnitReportReporter -->
<testsuite skipped="0" hostname="EG5CG7515QBP" name="test.RegistrationTestCase" tests="1" failures="0" timestamp="2020-06-07T04:41:58 EET" time="6.940" errors="0">
  <testcase name="TextRegister" time="6.940" classname="test.RegistrationTestCase"/>
  <system-out/>
</testsuite> <!-- test.RegistrationTestCase -->
